2025-05-07 12:37:03: Login attempt: Email: minaessam1810@gmail.com, Role: admin
2025-05-07 12:37:03: Login errors: Array
(
    [0] => No account found with that email address.
)

2025-05-07 12:37:47: Login attempt: Email: minaessam1810@gmail.com, Role: admin
2025-05-07 12:37:47: Login errors: Array
(
    [0] => No account found with that email address.
)

2025-05-07 12:38:32: Login attempt: Email: minaessam1810@gmail.com.com, Role: admin
2025-05-07 12:38:32: Login errors: Array
(
    [0] => Incorrect password.
)

2025-05-07 12:39:09: Login attempt: Email: minaessam1810@gmail.com, Role: admin
2025-05-07 12:39:09: Login errors: Array
(
    [0] => Incorrect password.
)

2025-05-07 12:43:14: Login attempt: Email: minaessam1810@gmail.com, Role: admin
2025-05-07 12:43:25: Login attempt: Email: minaessam1810@gmail.com, Role: user
2025-05-07 12:43:25: Login errors: Array
(
    [0] => No account found with that email address.
)

2025-05-07 12:43:42: Login attempt: Email: mohamed1@gmail.com, Role: admin
2025-05-07 12:43:42: Login errors: Array
(
    [0] => No account found with that email address.
)

2025-05-07 12:43:53: Login attempt: Email: mohamed1@gmail.com, Role: admin
2025-05-07 12:43:53: Login errors: Array
(
    [0] => No account found with that email address.
)

2025-05-07 12:44:02: Login attempt: Email: mohamed1@gmail.com, Role: admin
2025-05-07 12:44:02: Login errors: Array
(
    [0] => No account found with that email address.
)

2025-05-07 12:44:39: Login attempt: Email: minaessam1810@gmail.com, Role: user
2025-05-07 12:44:39: Login errors: Array
(
    [0] => No account found with that email address.
)

2025-05-07 12:50:43: Login attempt: Email: mahmoud1@gmail.com, Role: user
2025-05-07 12:50:43: Login errors: Array
(
    [0] => No account found with that email address.
)

2025-05-07 12:50:59: Login attempt: Email: mahmoud@gmail.com, Role: user
2025-05-07 12:51:39: Login attempt: Email: minaessam1810@gmail.com, Role: admin
